<?xml version="1.0" encoding="UTF-8"?>
<testng-results ignored="0" total="1" passed="1" failed="0" skipped="0">
  <reporter-output>
  </reporter-output>
  <suite started-at="2023-06-22T07:09:30 BST" name="Default suite" finished-at="2023-06-22T07:10:00 BST" duration-ms="29736">
    <groups>
    </groups>
    <test started-at="2023-06-22T07:09:30 BST" name="Default test" finished-at="2023-06-22T07:10:00 BST" duration-ms="29736">
      <class name="meesho.meeshonew">
        <test-method is-config="true" signature="setup()[pri:0, instance:meesho.meeshonew@158da8e]" started-at="2023-06-22T07:09:30 BST" name="setup" finished-at="2023-06-22T07:09:55 BST" duration-ms="24120" status="PASS">
          <reporter-output>
          </reporter-output>
        </test-method> <!-- setup -->
        <test-method is-config="true" signature="url()[pri:0, instance:meesho.meeshonew@158da8e]" started-at="2023-06-22T07:09:55 BST" name="url" finished-at="2023-06-22T07:09:59 BST" duration-ms="4335" status="PASS">
          <reporter-output>
          </reporter-output>
        </test-method> <!-- url -->
        <test-method signature="mesh()[pri:0, instance:meesho.meeshonew@158da8e]" started-at="2023-06-22T07:09:59 BST" name="mesh" finished-at="2023-06-22T07:10:00 BST" duration-ms="1197" status="PASS">
          <reporter-output>
          </reporter-output>
        </test-method> <!-- mesh -->
      </class> <!-- meesho.meeshonew -->
    </test> <!-- Default test -->
  </suite> <!-- Default suite -->
</testng-results>
